<?xml version="1.0" encoding="UTF-8"?>
<!-- Generated by org.testng.reporters.JUnitReportReporter -->
<testsuite hostname="IBM-FVLMB54" failures="0" tests="1" name="com.ibm.tests.FlipkartLoginTest" time="19.702" errors="0" timestamp="2025-03-18T12:32:45 IST" skipped="0">
  <testcase classname="com.ibm.tests.FlipkartLoginTest" name="testLoginWithOtp" time="19.702"/>
  <system-out/>
</testsuite> <!-- com.ibm.tests.FlipkartLoginTest -->
