<?xml version="1.0" encoding="UTF-8"?>
<!-- Generated by org.testng.reporters.JUnitReportReporter -->
<testsuite hostname="IBM-19PQB54" failures="0" tests="1" name="com.flipkart.tests.WebDriverManager" time="11.546" errors="0" timestamp="2025-03-17T10:48:07 IST" skipped="0">
  <testcase classname="com.flipkart.tests.WebDriverManager" name="search" time="11.546"/>
  <system-out/>
</testsuite> <!-- com.flipkart.tests.WebDriverManager -->
