<?xml version="1.0" encoding="UTF-8"?>
<!-- Generated by org.testng.reporters.JUnitReportReporter -->
<testsuite hostname="IBM-19PQB54" failures="0" tests="3" name="com.flipkart.tests.WebDriverManager" time="52.910" errors="0" timestamp="2025-03-17T17:06:32 IST" skipped="0">
  <testcase classname="com.flipkart.tests.WebDriverManager" name="search" time="16.779"/>
  <system-out/>
  <testcase classname="com.flipkart.tests.WebDriverManager" name="Partialsearch" time="24.045"/>
  <system-out/>
  <testcase classname="com.flipkart.tests.WebDriverManager" name="Invalidsearch" time="12.086"/>
  <system-out/>
</testsuite> <!-- com.flipkart.tests.WebDriverManager -->
