<?xml version="1.0" encoding="UTF-8"?>
<!-- Generated by org.testng.reporters.JUnitReportReporter -->
<<<<<<< HEAD
<testsuite hostname="IBM-FVLMB54" failures="0" tests="1" name="com.flipkart.tests.WebDriverManager" time="11.055" errors="0" timestamp="2025-03-17T11:58:47 IST" skipped="0">
  <testcase classname="com.flipkart.tests.WebDriverManager" name="search" time="11.055"/>
=======
<testsuite hostname="IBM-19PQB54" failures="0" tests="1" name="com.flipkart.tests.WebDriverManager" time="13.198" errors="0" timestamp="2025-03-18T10:49:39 IST" skipped="0">
  <testcase classname="com.flipkart.tests.WebDriverManager" name="search" time="13.198"/>
>>>>>>> fb7efedb034481dfe3a4ef40c46e3140421d3866
  <system-out/>
</testsuite> <!-- com.flipkart.tests.WebDriverManager -->
