<?xml version="1.0" encoding="UTF-8"?>
<!-- Generated by org.testng.reporters.JUnitReportReporter -->
<testsuite hostname="IBM-FVLMB54" failures="0" tests="1" name="com.ibm.tests.FlipkartLoginTest" time="23.196" errors="0" timestamp="2025-03-18T12:41:32 IST" skipped="0">
  <testcase classname="com.ibm.tests.FlipkartLoginTest" name="testLoginWithOtp" time="23.196"/>
  <system-out/>
</testsuite> <!-- com.ibm.tests.FlipkartLoginTest -->
