<?xml version="1.0" encoding="UTF-8"?>
<!-- Generated by org.testng.reporters.JUnitReportReporter -->
<testsuite hostname="IBM-FVLMB54" failures="0" tests="1" name="com.flipkart.tests.WebDriverManager" time="11.055" errors="0" timestamp="2025-03-17T11:58:47 IST" skipped="0">
  <testcase classname="com.flipkart.tests.WebDriverManager" name="search" time="11.055"/>
  <system-out/>
</testsuite> <!-- com.flipkart.tests.WebDriverManager -->
